01773542 - new comment created
01757138 - new comment created
01757138 - new comment published
01756431 - running cssbot
01756431 - new comment created
01756431 - new comment created
01756431 - running cssbot
BDS001|KPI001|KMF002|KPH001|KVC001
01756431 - new comment created
01756431 - new comment created
01756431 - running cssbot
BDS001|KPI001|KPH001|KVC002
01756431 - new comment created
01756431 - new comment created
01756431 - new comment published
01773675 - attachments downloaded
201701171108: 01773675 - new case taken
201701171108: 01773675 - new comment created
201701171147: 01773675 - new comment published
201701171152: 01773542 - new comment created
201701171153: 01773542 - new comment published
201701171159: 01773722 - new case taken
01773722 - attachments downloaded
201701171159: 01773722 - new comment created
201701171248: 01773722 - new attachment added
201701171250: 01773722 - new comment published
201701171447: 01771708 - new comment created
201701171455: 01771708 - new comment published
201701180847: 01773437 - new comment created
201701180859: 01773437 - new comment created
201701180900: 01773437 - new comment created
201701181005: 01773437 - comment edited
201701181005: 01773675 - new comment created
201701181026: 01773675 - new comment published
201701181029: 01773437 - comment edited
201701181050: 01773437 - new comment published
201701181052: 01773437 - attachments downloaded
201701181054: 01773437 - comment edited
201701181105: 01773722 - new comment created
201701181145: 01773722 - new comment published
201701181406: 01775141 - attachments downloaded
201701181443: 01775141 - new comment created
201701181446: 01775141 - comment edited
201701181451: 01775141 - new comment published
:  - running cssbot
201701181502: test_case - new comment created
: test_case - running cssbot
201701181502: test_case - comment edited
201701190847: 01773675 - attachments downloaded
201701190850: 01773675 - new comment created
201701190933: 01773675 - new comment published
201701191015: 01775313 - attachments downloaded
201701191016: 01775313 - new comment created
201701191101: 01775313 - comment edited
201701191215: 01775313 - new comment published
201701191408: 01775313 - comment edited
201701191408: 01775313 - new comment created
201701191433: 01775313 - comment edited
201701191451: 01775313 - comment edited
201701191459: 01775313 - new comment published
201701191535: 01775141 - new comment created
201701191544: 01775141 - new comment published
201701201116: 01775313 - new comment created
201701201119: 01775313 - comment edited
201701201126: 01775313 - new comment published
201701221730: 01776770 - attachments downloaded
201701221734: 01776770 - new comment created
201701221739: 01776770 - comment edited
201701230857: 01776880 - attachments downloaded
201701230858: 01776880 - new comment created
201701230929: 01776880 - new comment published
201701230949: 01777550 - attachments downloaded
201701230951: 01777550 - new comment created
201701231007: 01777550 - new attachment added
201701231007: 01777550 - comment edited
201701231052: 01777550 - new comment published
201701231055: 01777490 - new comment created
201701231055: 01777490 - attachments downloaded
201701231305: 01777776 - new comment created
201701231308: 01777776 - new comment published
201701231324: 01777873 - new comment created
201701240918: 01776880 - new comment created
201701240934: 01776880 - new comment published
201701240938: 01775313 - new comment created
201701240952: 01775313 - new comment published
201701241114: 01777550 - comment edited
201701241225: 01778198 - new comment created
201701241243: 01778198 - new comment published
201701241245: 01778069 - new comment created
201701241352: 01778069 - comment edited
201701241355: 01778069 - comment edited
201701241359: 01778069 - new comment published
201701241412: 01775631 - attachments downloaded
201701241414: 01775631 - new comment created
201701241443: 01775631 - new attachment added
201701241444: 01775631 - new comment published
201701260835: 01778069 - new comment created
201701260836: 01778069 - attachments downloaded
201701260839: 01778069 - new comment published
201701260840: 01775313 - new comment created
201701260846: 01775313 - new comment published
201701260848: 01778198 - new comment created
201701260855: 01778198 - attachments downloaded
201701260859: 01778198 - new comment published
201701260935: 01776880 - new comment created
201701260939: 01776880 - comment edited
201701260949: 01776880 - attachments downloaded
201701261010: 01776880 - new comment published
201701261011: 01776880 - comment edited
201701261050: 01777550 - new comment created
201701261101: 01776770 - new comment created
201701261102: 01776770 - new comment published
201701261105: 01756431 - new comment created
201701261113: 01756431 - comment edited
201701261113: 01756431 - new comment published
201701261114: 01773675 - new comment created
201701261117: 01773675 - new comment published
201701261555: 01765741 - new comment created
201701261614: 01765741 - new comment published
201701270809: 01778198 - new comment created
201701270809: 01778198 - new comment published
201701271235: 01781001 - attachments downloaded
201701271433: 01779679 - attachments downloaded
201701271648: 01781301 - attachments downloaded
201701291322: 01756431 - attachments downloaded
201701291325: 01756431 - new comment created
201701291333: 01756431 - comment edited
201701291349: 01756431 - comment edited
201701291351: 01756431 - comment edited
201701291351: 01756431 - comment edited
201701291359: 01756431 - comment edited
201701291400: 01756431 - comment edited
201701291405: 01756431 - comment edited
201701291405: 01756431 - new comment published
201701291407: 01781001 - attachments downloaded
201701291409: 01781001 - new comment created
201701291428: 01781001 - new comment published
201701291430: 01776880 - attachments downloaded
201701291434: 01776880 - new comment created
201701291442: 01776880 - comment edited
201701291459: 01776880 - comment edited
201701291509: 01776880 - comment edited
201701291511: 01776880 - comment edited
201701291515: 01776880 - comment edited
201701291517: 01776880 - new comment published
201701291519: 01776770 - new comment created
201701291544: 01776770 - new comment published
201701291546: 01781076 - new comment created
201701291547: 01781076 - new comment published
201701291548: 01781076 - comment edited
201701291548: 01781076 - new comment published
201701291551: 01772537 - new comment created
201701291553: 01772537 - new comment published
201701291558: 01773675 - new comment created
201701291613: 01773675 - comment edited
201701291613: 01773675 - new comment published
201701291618: 0178114701781147 - attachments downloaded
201701291618: 01781147 - attachments downloaded
201701291618: 01781147 - new comment created
201701291644: 01781147 - new comment published
201701291646: 01781492 - attachments downloaded
201701291646: 01781492 - new comment created
201701291707: 01781492 - new comment published
201701300702: 01742865 - new comment created
201701300829: 01781754 - new comment created
201701300841: 01781754 - attachments downloaded
201701300925: 01781754 - new attachment added
201701300925: 01781754 - new comment published
201701300930: 01728795 - attachments downloaded
201701301004: 01728795 - new comment created
201701301040: 01728795 - comment edited
201701301103: 01728795 - new comment published
201701301200: 01742865 - comment edited
201701301604: 01781145 - attachments downloaded
201701301613: 01781145 - new attachment added
201701301613: 01781145 - new attachment added
201701311336: 01742865 - comment edited
201701311344: 01742865 - new comment published
201701311355: 01773675 - attachments downloaded
201702010839: 01781145 - attachments downloaded
201702010914: 01719831 - attachments downloaded
201702010927: 01773061 - new comment created
201702010932: 01773061 - attachments downloaded
201702010934: 01773061 - comment edited
201702010944: 01773061 - new comment published
201702011111: 01781001 - attachments downloaded
201702011115: 01781001 - new attachment added
201702011134: 01783688 - attachments downloaded
201702011228: 01783688 - new attachment added
201702011357: 01781001 - attachments downloaded
201702050810:  - attachments downloaded
201702050810: 01781147 - attachments downloaded
201702050818: 01781147 - new attachment added
201702050818: 01781147 - new comment created
201702050911: 01781147 - comment edited
201702051014: 01781147 - comment edited
201702051033: 01781147 - new comment published
201702051034: 01756431 - new comment created
201702051036: 01756431 - new comment published
201702051045: 01773061 - new comment created
201702051329: 01778414 - attachments downloaded
201702051342: 01778414 - new comment created
201702051345: 01778414 - comment edited
201702051538: 01783693 - attachments downloaded
201702061016: 01784581 - attachments downloaded
201702061410: 01786531 - attachments downloaded
201702061411: 01786531 - new comment created
201702061428: 01786531 - new attachment added
201702061431: 01786531 - comment edited
201702061431: 01786531 - new comment published
201702061433: 01784990 - attachments downloaded
201702061434: 01784990 - new comment created
201702061503: 01784990 - comment edited
201702061508: 01784990 - new attachment added
201702061523: 01784990 - comment edited
201702061535: 01784990 - comment edited
201702061555: 01784990 - new comment published
201702070948: 01787240 - attachments downloaded
201702071055: 01785391 - attachments downloaded
201702071125: 01787334 - attachments downloaded
201702071125: 01787334 - attachments downloaded
201702071207: 01787380 - attachments downloaded
201702071221: 01786981 - attachments downloaded
201702071231: 01786981 - new attachment added
201702071457: 01787453 - attachments downloaded
201702080833: 01788097 - attachments downloaded
201702080940: 01787334 - attachments downloaded
201702081135: 01788279 - attachments downloaded
201702081213: 01788279 - new attachment added
201702090834: 01776770 - attachments downloaded
201702091200: 01787334 - new comment created
201702091215: 01787334 - new comment published
201702091216: 01787334 - new comment published
201702101216: 01789882 - attachments downloaded
201702102251: 01545256 - new comment created
201702131142: 01790948 - attachments downloaded
201702131142: 01790948 - new comment created
201702131219: 01790948 - new comment published
201702131223: 01790979 - attachments downloaded
201702131320: 01787361 - attachments downloaded
201702141429: 01788500 - new comment created
201702141441: 01788500 - attachments downloaded
201702141442: 01788500 - comment edited
201702141503: 01788500 - new comment published
201702141504: 01788293 - new comment created
201702141512: 01788293 - new comment published
201702150817: 01791918 - attachments downloaded
201702150853: 01792031 - attachments downloaded
201702151423: 01792833 - attachments downloaded
201702151434: 01750418 - attachments downloaded
201702151520: Hello, - attachments downloaded
201702151521: 01792631 - attachments downloaded
201702151625: 01792933 - attachments downloaded
201702161554: 01792759 - attachments downloaded
201702170946: 01792381 - new comment created
201702170957: 01792381 - comment edited
201702170957: 01792381 - comment edited
201702171011: 01792381 - new comment published
201702171011: 01792381 - comment edited
201702171011: 01792381 - new comment published
201702171013: 01764546 - new comment created
201702171013: 01764546 - new comment published
201702171055: 01575254 - new comment created
201702171150: 01575254 - comment edited
201702171250: 01792546 - attachments downloaded
201702171409: 01575254 - comment edited
201702171426: 01575254 - new comment published
201702171427: 01575254 - comment edited
201702171441: 01575254 - new comment published
201702171532: 01792546 - new attachment added
201702171606: 01575254 - comment edited
201702171607: 01575254 - new comment published
201702201249: 01794565 - attachments downloaded
201702201337: 01794999 - attachments downloaded
201702201554: 01794885 - attachments downloaded
201702211313: 01796132 - attachments downloaded
201702220812: 01795553 - attachments downloaded
201702220921: 01796408 - attachments downloaded
201702221125: 01792064 - attachments downloaded
201702221315: 01796974 - attachments downloaded
201702230959: 01796240 - attachments downloaded
201702231346: 01797862 - attachments downloaded
201702231601: 01795542 - attachments downloaded
201702240829: 01798761 - attachments downloaded
201702241117: Case - attachments downloaded
201702241117: 01798010 - attachments downloaded
201702241213: 01798796 - attachments downloaded
201702241228: 01798796 - new attachment added
201702270832: 01798893 - attachments downloaded
201703010847:  - new comment created
201703011315: 01801178 - attachments downloaded
201703031059:  - attachments downloaded
201703031059: 01788500 - attachments downloaded
201703060806:  - attachments downloaded
201703090841: 01575452 - new comment created
201703091338: 01575254 - comment edited
